Unity Player [version: Unity 4.6.1f1_d1db7a1b5196]

Unknown caused an Access Violation (0xc0000005)
  in module Unknown at 0033:013d0084.

Error occurred at 2015-09-23_182106.
C:\Users\Sam\Documents\Unity\csc3020h_capstone\RedFactorTest.exe, run by Sam.
66% memory in use.
8062 MB physical memory [2675 MB free].
12637 MB paging file [5645 MB free].
8388608 MB user address space [8387901 MB free].
Write to location 013d0084 caused an access violation.

Context:
RDI:    0x0b067bc8  RSI: 0x0540c4d0  RAX:   0xf9344204
RBX:    0x0b1010a0  RCX: 0x00000000  RDX:   0xf9344204
RIP:    0x013d0084  RBP: 0x1a84f4d0  SegCs: 0x00000033
EFlags: 0x00010202  RSP: 0x1a84f418  SegSs: 0x0000002b
R8:    0x00000000  R9: 0x00000000  R10:   0x0b1010a0
R11:    0x013d0084  R12: 0x00000000  R13:   0x047b6d48
R14:    0x1a84fc38  R15: 0x00000000

Bytes at CS:EIP:
00 00 00 00 00 00 00 00 00 00 00 00 00 00 00 00 Module 1
C:\Windows\SYSTEM32\xinput1_3.dll
Image Base: 0x00400000  Image Size: 0x0001e000
File Size:  107368      File Time:  2007-04-04_185422
Version:
   Company:    Microsoft Corporation
   Product:    Microsoft® DirectX for Windows®
   FileDesc:   Microsoft Common Controller API
   FileVer:    9.18.944.0
   ProdVer:    9.18.944.0

Module 2
C:\Program Files\Bonjour\mdnsNSP.dll
Image Base: 0x55330000  Image Size: 0x00026000
File Size:  132968      File Time:  2011-08-30_230532
Version:
   Company:    Apple Inc.
   Product:    Bonjour
   FileDesc:   Bonjour Namespace Provider
   FileVer:    3.0.0.10
   ProdVer:    3.0.0.10


== [end of error.log] ==
